<?xml version="1.0" encoding="UTF-8"?>
<!-- Generated by org.testng.reporters.JUnitReportReporter -->
<testsuite hostname="DESKTOP-L8VPHJS" failures="0" tests="2" name="testScripts.SampleTwoTest" time="0.011" errors="0" timestamp="2023-05-09T17:39:07 IST" skipped="0">
  <testcase classname="testScripts.SampleTwoTest" name="testTwo" time="0.002"/>
  <system-out/>
  <testcase classname="testScripts.SampleTwoTest" name="testOne" time="0.009"/>
  <system-out/>
</testsuite> <!-- testScripts.SampleTwoTest -->
