<?xml version="1.0" encoding="UTF-8"?>
<!-- Generated by org.testng.reporters.JUnitReportReporter -->
<testsuite hostname="DESKTOP-L8VPHJS" failures="0" tests="1" name="testScripts.CDPTest" time="6.700" errors="0" timestamp="2023-06-13T11:12:30 IST" skipped="0">
  <testcase classname="testScripts.CDPTest" name="geoLocTest" time="6.700"/>
  <system-out/>
</testsuite> <!-- testScripts.CDPTest -->
