<?xml version="1.0" encoding="UTF-8"?>
<!-- Generated by org.testng.reporters.JUnitReportReporter -->
<testsuite hostname="DESKTOP-L8VPHJS" failures="0" tests="1" name="testScripts.RemoteDriverTest" time="29.300" errors="0" timestamp="2023-05-11T17:54:15 IST" skipped="0">
  <testcase classname="testScripts.RemoteDriverTest" name="test" time="29.300"/>
  <system-out/>
</testsuite> <!-- testScripts.RemoteDriverTest -->
