<?xml version="1.0" encoding="UTF-8"?>
<!-- Generated by org.testng.reporters.JUnitReportReporter -->
<testsuite hostname="DESKTOP-L8VPHJS" failures="0" tests="3" name="testScripts.LoginTest" time="14.361" errors="0" timestamp="2023-05-12T14:37:24 IST" skipped="0">
  <testcase classname="testScripts.LoginTest" name="validLogin" time="4.325"/>
  <system-out/>
  <testcase classname="testScripts.LoginTest" name="validLogin" time="6.234"/>
  <system-out/>
  <testcase classname="testScripts.LoginTest" name="validLogin" time="3.802"/>
  <system-out/>
</testsuite> <!-- testScripts.LoginTest -->
